<?xml version="1.0" encoding="UTF-8"?>
<testsuite xmlns:xsi="http://www.w3.org/2001/XMLSchema-instance" xsi:noNamespaceSchemaLocation="https://maven.apache.org/surefire/maven-surefire-plugin/xsd/surefire-test-report.xsd" version="3.0.2" name="test.CrawlerServiceTest" time="1.481" tests="6" errors="0" skipped="0" failures="0">
  <properties>
[...]
</properties>
  <testcase name="naoDeveFalharSemLinks" classname="test.CrawlerServiceTest" time="1.383">
    <system-out><![CDATA[
Iniciando crawler para o produto: Produto Sem Links
[AVISO] Produto 'Produto Sem Links' nao possui links cadastrados. Pulando.
]]></system-out>
    <system-err><![CDATA[WARNING: A Java agent has been loaded dynamically (C:\Users\USER\.m2\repository\net\bytebuddy\byte-buddy-agent\1.14.1\byte-buddy-agent-1.14.1.jar)
WARNING: If a serviceability tool is in use, please run with -XX:+EnableDynamicAgentLoading to hide this warning
WARNING: If a serviceability tool is not in use, please run with -Djdk.instrument.traceUsage for more information
WARNING: Dynamic loading of agents will be disallowed by default in a future release
]]></system-err>
  </testcase>
  <testcase name="naoDeveAtualizarSeNenhumaLojaResponder" classname="test.CrawlerServiceTest" time="0.024">
    <system-out><![CDATA[
Iniciando crawler para o produto: Produto Sem Resposta
   [IGNORADO] Amazon retornou preco invalido.
   [IGNORADO] Kabum retornou preco invalido.
[AVISO] Nenhum preco valido encontrado para: Produto Sem Resposta
]]></system-out>
  </testcase>
  <testcase name="deveAcumularHistoricoDePrecos" classname="test.CrawlerServiceTest" time="0.005">
    <system-out><![CDATA[
Iniciando crawler para o produto: PlayStation 5
-> Preco encontrado na Kabum: R$ 3699.0
==> Menor preco atualizado: R$ 3699.0 (Kabum)

Iniciando crawler para o produto: PlayStation 5
-> Preco encontrado na Kabum: R$ 3499.0
==> Menor preco atualizado: R$ 3499.0 (Kabum)
]]></system-out>
  </testcase>
  <testcase name="deveEscolherAmazonQuandoForMaisBarata" classname="test.CrawlerServiceTest" time="0.006">
    <system-out><![CDATA[
Iniciando crawler para o produto: Notebook
-> Preco encontrado na Amazon: R$ 4200.0
-> Preco encontrado na Magalu: R$ 4500.0
==> Menor preco atualizado: R$ 4200.0 (Amazon)
]]></system-out>
  </testcase>
  <testcase name="deveIgnorarLinkQuebrado" classname="test.CrawlerServiceTest" time="0.004">
    <system-out><![CDATA[
Iniciando crawler para o produto: Produto Teste
   [IGNORADO] Amazon retornou preco invalido.
-> Preco encontrado na Kabum: R$ 450.0
==> Menor preco atualizado: R$ 450.0 (Kabum)
]]></system-out>
  </testcase>
  <testcase name="deveIdentificarMenorPreco" classname="test.CrawlerServiceTest" time="0.006">
    <system-out><![CDATA[
Iniciando crawler para o produto: PlayStation 5
-> Preco encontrado na Amazon: R$ 3799.0
-> Preco encontrado na Kabum: R$ 3699.0
==> Menor preco atualizado: R$ 3699.0 (Kabum)
]]></system-out>
  </testcase>
</testsuite>